[07-Jun-2012 18:02:03 UTC] PHP Warning:  PHP Startup: Unable to load dynamic library '/usr/local/Cellar/php/5.3.10/lib/php/extensions/no-debug-non-zts-20090626/midgard.so' - dlopen(/usr/local/Cellar/php/5.3.10/lib/php/extensions/no-debug-non-zts-20090626/midgard.so, 9): Library not loaded: /usr/local/lib/libmidgard.2008.dylib
  Referenced from: /usr/local/Cellar/php/5.3.10/lib/php/extensions/no-debug-non-zts-20090626/midgard.so
  Reason: image not found in Unknown on line 0
[08-Jun-2012 02:03:18 UTC] PHP Warning:  PHP Startup: Unable to load dynamic library '/usr/local/Cellar/php/5.3.10/lib/php/extensions/no-debug-non-zts-20090626/midgard.so' - dlopen(/usr/local/Cellar/php/5.3.10/lib/php/extensions/no-debug-non-zts-20090626/midgard.so, 9): Library not loaded: /usr/local/lib/libmidgard.2008.dylib
  Referenced from: /usr/local/Cellar/php/5.3.10/lib/php/extensions/no-debug-non-zts-20090626/midgard.so
  Reason: image not found in Unknown on line 0
[08-Jun-2012 02:03:23 UTC] PHP Warning:  PHP Startup: Unable to load dynamic library '/usr/local/Cellar/php/5.3.10/lib/php/extensions/no-debug-non-zts-20090626/midgard.so' - dlopen(/usr/local/Cellar/php/5.3.10/lib/php/extensions/no-debug-non-zts-20090626/midgard.so, 9): Library not loaded: /usr/local/lib/libmidgard.2008.dylib
  Referenced from: /usr/local/Cellar/php/5.3.10/lib/php/extensions/no-debug-non-zts-20090626/midgard.so
  Reason: image not found in Unknown on line 0
[08-Jun-2012 02:03:33 UTC] PHP Warning:  PHP Startup: Unable to load dynamic library '/usr/local/Cellar/php/5.3.10/lib/php/extensions/no-debug-non-zts-20090626/midgard.so' - dlopen(/usr/local/Cellar/php/5.3.10/lib/php/extensions/no-debug-non-zts-20090626/midgard.so, 9): Library not loaded: /usr/local/lib/libmidgard.2008.dylib
  Referenced from: /usr/local/Cellar/php/5.3.10/lib/php/extensions/no-debug-non-zts-20090626/midgard.so
  Reason: image not found in Unknown on line 0
[08-Jun-2012 02:03:33 UTC] PHP Warning:  lstat(): Lstat failed for /var/folders/rs/xd0gw3415fvg5bz1djp6tssh0000gn/T//pear/cache/261055a533f4b8155f3a43eb5f3ce024rest.cacheid in /usr/local/Cellar/php/5.3.10/lib/php/PEAR/REST.php on line 276
[08-Jun-2012 02:03:33 UTC] PHP Stack trace:
[08-Jun-2012 02:03:33 UTC] PHP   1. {main}() /usr/local/Cellar/php/5.3.10/lib/php/pearcmd.php:0
[08-Jun-2012 02:03:33 UTC] PHP   2. PEAR_Command_Common->run($command = 'install', $options = array (), $params = array (0 => 'phpunit/DbUnit')) /usr/local/Cellar/php/5.3.10/lib/php/pearcmd.php:305
[08-Jun-2012 02:03:33 UTC] PHP   3. PEAR_Command_Install->doInstall($command = 'install', $options = array (), $params = array (0 => 'phpunit/DbUnit')) /usr/local/Cellar/php/5.3.10/lib/php/PEAR/Command/Common.php:271
[08-Jun-2012 02:03:33 UTC] PHP   4. PEAR_Downloader->download($params = array (0 => 'channel://pear.phpunit.de/DbUnit')) /usr/local/Cellar/php/5.3.10/lib/php/PEAR/Command/Install.php:661
[08-Jun-2012 02:03:33 UTC] PHP   5. PEAR_Downloader_Package->initialize($param = 'channel://pear.phpunit.de/DbUnit') /usr/local/Cellar/php/5.3.10/lib/php/PEAR/Downloader.php:279
[08-Jun-2012 02:03:33 UTC] PHP   6. PEAR_Downloader_Package->_fromString($param = 'channel://pear.phpunit.de/DbUnit') /usr/local/Cellar/php/5.3.10/lib/php/PEAR/Downloader/Package.php:190
[08-Jun-2012 02:03:33 UTC] PHP   7. PEAR_Downloader->_getPackageDownloadUrl($parr = array ('package' => 'DbUnit', 'channel' => 'pear.phpunit.de')) /usr/local/Cellar/php/5.3.10/lib/php/PEAR/Downloader/Package.php:1713
[08-Jun-2012 02:03:33 UTC] PHP   8. PEAR_REST_13->getDownloadURL($base = 'http://pear.phpunit.de/rest/', $packageinfo = array ('package' => 'DbUnit', 'channel' => 'pear.phpunit.de'), $prefstate = 'stable', $installed = FALSE, $channel = 'pear.phpunit.de') /usr/local/Cellar/php/5.3.10/lib/php/PEAR/Downloader.php:850
[08-Jun-2012 02:03:33 UTC] PHP   9. PEAR_REST->retrieveData($url = 'http://pear.phpunit.de/rest/r/dbunit/allreleases2.xml', $accept = FALSE, $forcestring = FALSE, $channel = 'pear.phpunit.de') /usr/local/Cellar/php/5.3.10/lib/php/PEAR/REST/13.php:68
[08-Jun-2012 02:03:33 UTC] PHP  10. PEAR_REST->saveCache($url = 'http://pear.phpunit.de/rest/r/dbunit/allreleases2.xml', $contents = array ('attribs' => array ('xmlns' => 'http://pear.php.net/dtd/rest.allreleases2', 'xmlns:xsi' => 'http://www.w3.org/2001/XMLSchema-instance', 'xmlns:xlink' => 'http://www.w3.org/1999/xlink', 'xsi:schemaLocation' => 'http://pear.php.net/dtd/rest.allreleases2 http://pear.php.net/dtd/rest.allreleases2.xsd'), 'p' => 'DbUnit', 'c' => 'pear.phpunit.de', 'r' => array (0 => array (...), 1 => array (...), 2 => array (...), 3 => array (...), 4 => array (...), 5 => array (...), 6 => array (...), 7 => array (...), 8 => array (...), 9 => array (...), 10 => array (...), 11 => array (...))), $lastmodified = array ('ETag' => '"827382024"', 'Last-Modified' => 'Thu, 31 May 2012 08:14:13 GMT'), $nochange = FALSE, $cacheid = FALSE) /usr/local/Cellar/php/5.3.10/lib/php/PEAR/REST.php:163
[08-Jun-2012 02:03:33 UTC] PHP  11. PEAR_REST->saveCacheFile($file = '/var/folders/rs/xd0gw3415fvg5bz1djp6tssh0000gn/T//pear/cache/261055a533f4b8155f3a43eb5f3ce024rest.cacheid', $contents = 'a:2:{s:3:"age";i:1339121013;s:10:"lastChange";a:2:{s:4:"ETag";s:11:""827382024"";s:13:"Last-Modified";s:29:"Thu, 31 May 2012 08:14:13 GMT";}}') /usr/local/Cellar/php/5.3.10/lib/php/PEAR/REST.php:246
[08-Jun-2012 02:03:33 UTC] PHP  12. lstat('/var/folders/rs/xd0gw3415fvg5bz1djp6tssh0000gn/T//pear/cache/261055a533f4b8155f3a43eb5f3ce024rest.cacheid') /usr/local/Cellar/php/5.3.10/lib/php/PEAR/REST.php:276
[08-Jun-2012 02:04:10 UTC] PHP Warning:  PHP Startup: Unable to load dynamic library '/usr/local/Cellar/php/5.3.10/lib/php/extensions/no-debug-non-zts-20090626/midgard.so' - dlopen(/usr/local/Cellar/php/5.3.10/lib/php/extensions/no-debug-non-zts-20090626/midgard.so, 9): Library not loaded: /usr/local/lib/libmidgard.2008.dylib
  Referenced from: /usr/local/Cellar/php/5.3.10/lib/php/extensions/no-debug-non-zts-20090626/midgard.so
  Reason: image not found in Unknown on line 0
[08-Jun-2012 02:04:37 UTC] PHP Warning:  PHP Startup: Unable to load dynamic library '/usr/local/Cellar/php/5.3.10/lib/php/extensions/no-debug-non-zts-20090626/midgard.so' - dlopen(/usr/local/Cellar/php/5.3.10/lib/php/extensions/no-debug-non-zts-20090626/midgard.so, 9): Library not loaded: /usr/local/lib/libmidgard.2008.dylib
  Referenced from: /usr/local/Cellar/php/5.3.10/lib/php/extensions/no-debug-non-zts-20090626/midgard.so
  Reason: image not found in Unknown on line 0
[08-Jun-2012 02:05:03 UTC] PHP Warning:  PHP Startup: Unable to load dynamic library '/usr/local/Cellar/php/5.3.10/lib/php/extensions/no-debug-non-zts-20090626/midgard.so' - dlopen(/usr/local/Cellar/php/5.3.10/lib/php/extensions/no-debug-non-zts-20090626/midgard.so, 9): Library not loaded: /usr/local/lib/libmidgard.2008.dylib
  Referenced from: /usr/local/Cellar/php/5.3.10/lib/php/extensions/no-debug-non-zts-20090626/midgard.so
  Reason: image not found in Unknown on line 0
[08-Jun-2012 02:05:41 UTC] PHP Warning:  PHP Startup: Unable to load dynamic library '/usr/local/Cellar/php/5.3.10/lib/php/extensions/no-debug-non-zts-20090626/midgard.so' - dlopen(/usr/local/Cellar/php/5.3.10/lib/php/extensions/no-debug-non-zts-20090626/midgard.so, 9): Library not loaded: /usr/local/lib/libmidgard.2008.dylib
  Referenced from: /usr/local/Cellar/php/5.3.10/lib/php/extensions/no-debug-non-zts-20090626/midgard.so
  Reason: image not found in Unknown on line 0
[08-Jun-2012 02:05:51 UTC] PHP Warning:  PHP Startup: Unable to load dynamic library '/usr/local/Cellar/php/5.3.10/lib/php/extensions/no-debug-non-zts-20090626/midgard.so' - dlopen(/usr/local/Cellar/php/5.3.10/lib/php/extensions/no-debug-non-zts-20090626/midgard.so, 9): Library not loaded: /usr/local/lib/libmidgard.2008.dylib
  Referenced from: /usr/local/Cellar/php/5.3.10/lib/php/extensions/no-debug-non-zts-20090626/midgard.so
  Reason: image not found in Unknown on line 0
[08-Jun-2012 02:05:58 UTC] PHP Warning:  PHP Startup: Unable to load dynamic library '/usr/local/Cellar/php/5.3.10/lib/php/extensions/no-debug-non-zts-20090626/midgard.so' - dlopen(/usr/local/Cellar/php/5.3.10/lib/php/extensions/no-debug-non-zts-20090626/midgard.so, 9): Library not loaded: /usr/local/lib/libmidgard.2008.dylib
  Referenced from: /usr/local/Cellar/php/5.3.10/lib/php/extensions/no-debug-non-zts-20090626/midgard.so
  Reason: image not found in Unknown on line 0
[08-Jun-2012 02:06:08 UTC] PHP Warning:  PHP Startup: Unable to load dynamic library '/usr/local/Cellar/php/5.3.10/lib/php/extensions/no-debug-non-zts-20090626/midgard.so' - dlopen(/usr/local/Cellar/php/5.3.10/lib/php/extensions/no-debug-non-zts-20090626/midgard.so, 9): Library not loaded: /usr/local/lib/libmidgard.2008.dylib
  Referenced from: /usr/local/Cellar/php/5.3.10/lib/php/extensions/no-debug-non-zts-20090626/midgard.so
  Reason: image not found in Unknown on line 0
[08-Jun-2012 02:06:52 UTC] PHP Warning:  PHP Startup: Unable to load dynamic library '/usr/local/Cellar/php/5.3.10/lib/php/extensions/no-debug-non-zts-20090626/midgard.so' - dlopen(/usr/local/Cellar/php/5.3.10/lib/php/extensions/no-debug-non-zts-20090626/midgard.so, 9): Library not loaded: /usr/local/lib/libmidgard.2008.dylib
  Referenced from: /usr/local/Cellar/php/5.3.10/lib/php/extensions/no-debug-non-zts-20090626/midgard.so
  Reason: image not found in Unknown on line 0
[08-Jun-2012 02:07:04 UTC] PHP Warning:  PHP Startup: Unable to load dynamic library '/usr/local/Cellar/php/5.3.10/lib/php/extensions/no-debug-non-zts-20090626/midgard.so' - dlopen(/usr/local/Cellar/php/5.3.10/lib/php/extensions/no-debug-non-zts-20090626/midgard.so, 9): Library not loaded: /usr/local/lib/libmidgard.2008.dylib
  Referenced from: /usr/local/Cellar/php/5.3.10/lib/php/extensions/no-debug-non-zts-20090626/midgard.so
  Reason: image not found in Unknown on line 0
[08-Jun-2012 02:25:19 UTC] PHP Notice:  Uninitialized string offset: 0 in /usr/local/Cellar/php/5.3.10/lib/php/PHPUnit/Util/Configuration.php on line 987
[08-Jun-2012 02:25:19 UTC] PHP Stack trace:
[08-Jun-2012 02:25:19 UTC] PHP   1. {main}() /usr/local/Cellar/php/5.3.10/bin/phpunit:0
[08-Jun-2012 02:25:19 UTC] PHP   2. PHPUnit_TextUI_Command::main($exit = *uninitialized*) /usr/local/Cellar/php/5.3.10/bin/phpunit:46
[08-Jun-2012 02:25:19 UTC] PHP   3. PHPUnit_TextUI_Command->run($argv = array (0 => '/usr/local/bin/phpunit'), $exit = TRUE) /usr/local/Cellar/php/5.3.10/lib/php/PHPUnit/TextUI/Command.php:130
[08-Jun-2012 02:25:19 UTC] PHP   4. PHPUnit_TextUI_Command->handleArguments($argv = array (0 => '/usr/local/bin/phpunit')) /usr/local/Cellar/php/5.3.10/lib/php/PHPUnit/TextUI/Command.php:139
[08-Jun-2012 02:25:19 UTC] PHP   5. PHPUnit_Util_Configuration->getPHPUnitConfiguration() /usr/local/Cellar/php/5.3.10/lib/php/PHPUnit/TextUI/Command.php:615
[08-Jun-2012 02:25:19 UTC] PHP   6. PHPUnit_Util_Configuration->toAbsolutePath($path = '', $useIncludePath = *uninitialized*) /usr/local/Cellar/php/5.3.10/lib/php/PHPUnit/Util/Configuration.php:584
[08-Jun-2012 02:25:19 UTC] PHP Notice:  Uninitialized string offset: 0 in /usr/local/Cellar/php/5.3.10/lib/php/PHPUnit/Util/Configuration.php on line 987
[08-Jun-2012 02:25:19 UTC] PHP Stack trace:
[08-Jun-2012 02:25:19 UTC] PHP   1. {main}() /usr/local/Cellar/php/5.3.10/bin/phpunit:0
[08-Jun-2012 02:25:19 UTC] PHP   2. PHPUnit_TextUI_Command::main($exit = *uninitialized*) /usr/local/Cellar/php/5.3.10/bin/phpunit:46
[08-Jun-2012 02:25:19 UTC] PHP   3. PHPUnit_TextUI_Command->run($argv = array (0 => '/usr/local/bin/phpunit'), $exit = TRUE) /usr/local/Cellar/php/5.3.10/lib/php/PHPUnit/TextUI/Command.php:130
[08-Jun-2012 02:25:19 UTC] PHP   4. PHPUnit_TextUI_Command->handleArguments($argv = array (0 => '/usr/local/bin/phpunit')) /usr/local/Cellar/php/5.3.10/lib/php/PHPUnit/TextUI/Command.php:139
[08-Jun-2012 02:25:19 UTC] PHP   5. PHPUnit_Util_Configuration->getPHPUnitConfiguration() /usr/local/Cellar/php/5.3.10/lib/php/PHPUnit/TextUI/Command.php:615
[08-Jun-2012 02:25:19 UTC] PHP   6. PHPUnit_Util_Configuration->toAbsolutePath($path = '', $useIncludePath = *uninitialized*) /usr/local/Cellar/php/5.3.10/lib/php/PHPUnit/Util/Configuration.php:584
[08-Jun-2012 02:25:19 UTC] PHP Warning:  include_once(/Users/indytechcook/projects/lsd_csi): failed to open stream: No such file or directory in /usr/local/Cellar/php/5.3.10/lib/php/PHPUnit/Util/Fileloader.php on line 95
[08-Jun-2012 02:25:19 UTC] PHP Stack trace:
[08-Jun-2012 02:25:19 UTC] PHP   1. {main}() /usr/local/Cellar/php/5.3.10/bin/phpunit:0
[08-Jun-2012 02:25:19 UTC] PHP   2. PHPUnit_TextUI_Command::main($exit = *uninitialized*) /usr/local/Cellar/php/5.3.10/bin/phpunit:46
[08-Jun-2012 02:25:19 UTC] PHP   3. PHPUnit_TextUI_Command->run($argv = array (0 => '/usr/local/bin/phpunit'), $exit = TRUE) /usr/local/Cellar/php/5.3.10/lib/php/PHPUnit/TextUI/Command.php:130
[08-Jun-2012 02:25:19 UTC] PHP   4. PHPUnit_TextUI_Command->handleArguments($argv = array (0 => '/usr/local/bin/phpunit')) /usr/local/Cellar/php/5.3.10/lib/php/PHPUnit/TextUI/Command.php:139
[08-Jun-2012 02:25:19 UTC] PHP   5. PHPUnit_TextUI_Command->handleBootstrap($filename = '/Users/indytechcook/projects/lsd_csi/') /usr/local/Cellar/php/5.3.10/lib/php/PHPUnit/TextUI/Command.php:620
[08-Jun-2012 02:25:19 UTC] PHP   6. PHPUnit_Util_Fileloader::checkAndLoad($filename = '/Users/indytechcook/projects/lsd_csi/') /usr/local/Cellar/php/5.3.10/lib/php/PHPUnit/TextUI/Command.php:867
[08-Jun-2012 02:25:19 UTC] PHP   7. PHPUnit_Util_Fileloader::load($filename = '/Users/indytechcook/projects/lsd_csi') /usr/local/Cellar/php/5.3.10/lib/php/PHPUnit/Util/Fileloader.php:79
[08-Jun-2012 02:25:19 UTC] PHP Warning:  include_once(): Failed opening '/Users/indytechcook/projects/lsd_csi' for inclusion (include_path='.:/usr/local/Cellar/php/5.3.10/lib/php') in /usr/local/Cellar/php/5.3.10/lib/php/PHPUnit/Util/Fileloader.php on line 95
[08-Jun-2012 02:25:19 UTC] PHP Stack trace:
[08-Jun-2012 02:25:19 UTC] PHP   1. {main}() /usr/local/Cellar/php/5.3.10/bin/phpunit:0
[08-Jun-2012 02:25:19 UTC] PHP   2. PHPUnit_TextUI_Command::main($exit = *uninitialized*) /usr/local/Cellar/php/5.3.10/bin/phpunit:46
[08-Jun-2012 02:25:19 UTC] PHP   3. PHPUnit_TextUI_Command->run($argv = array (0 => '/usr/local/bin/phpunit'), $exit = TRUE) /usr/local/Cellar/php/5.3.10/lib/php/PHPUnit/TextUI/Command.php:130
[08-Jun-2012 02:25:19 UTC] PHP   4. PHPUnit_TextUI_Command->handleArguments($argv = array (0 => '/usr/local/bin/phpunit')) /usr/local/Cellar/php/5.3.10/lib/php/PHPUnit/TextUI/Command.php:139
[08-Jun-2012 02:25:19 UTC] PHP   5. PHPUnit_TextUI_Command->handleBootstrap($filename = '/Users/indytechcook/projects/lsd_csi/') /usr/local/Cellar/php/5.3.10/lib/php/PHPUnit/TextUI/Command.php:620
[08-Jun-2012 02:25:19 UTC] PHP   6. PHPUnit_Util_Fileloader::checkAndLoad($filename = '/Users/indytechcook/projects/lsd_csi/') /usr/local/Cellar/php/5.3.10/lib/php/PHPUnit/TextUI/Command.php:867
[08-Jun-2012 02:25:19 UTC] PHP   7. PHPUnit_Util_Fileloader::load($filename = '/Users/indytechcook/projects/lsd_csi') /usr/local/Cellar/php/5.3.10/lib/php/PHPUnit/Util/Fileloader.php:79
[08-Jun-2012 02:25:19 UTC] PHP Notice:  Uninitialized string offset: 0 in /usr/local/Cellar/php/5.3.10/lib/php/PHPUnit/Util/Configuration.php on line 987
[08-Jun-2012 02:25:19 UTC] PHP Stack trace:
[08-Jun-2012 02:25:19 UTC] PHP   1. {main}() /usr/local/Cellar/php/5.3.10/bin/phpunit:0
[08-Jun-2012 02:25:19 UTC] PHP   2. PHPUnit_TextUI_Command::main($exit = *uninitialized*) /usr/local/Cellar/php/5.3.10/bin/phpunit:46
[08-Jun-2012 02:25:19 UTC] PHP   3. PHPUnit_TextUI_Command->run($argv = array (0 => '/usr/local/bin/phpunit'), $exit = TRUE) /usr/local/Cellar/php/5.3.10/lib/php/PHPUnit/TextUI/Command.php:130
[08-Jun-2012 02:25:19 UTC] PHP   4. PHPUnit_TextUI_TestRunner->doRun($suite = class PHPUnit_Framework_TestSuite { protected $backupGlobals = NULL; protected $backupStaticAttributes = NULL; protected $name = 'FOSUserBundle test suite'; protected $groups = array ('__nogroup__' => array (...)); protected $tests = array (0 => class PHPUnit_Framework_TestSuite { ... }); protected $numTests = 1; protected $testCase = FALSE }, $arguments = array ('listGroups' => FALSE, 'loader' => NULL, 'useDefaultConfiguration' => TRUE, 'configuration' => '/Users/indytechcook/projects/lsd_csi/phpunit.xml.dist')) /usr/local/Cellar/php/5.3.10/lib/php/PHPUnit/TextUI/Command.php:192
[08-Jun-2012 02:25:19 UTC] PHP   5. PHPUnit_TextUI_TestRunner->handleConfiguration($arguments = array ('listGroups' => FALSE, 'loader' => NULL, 'useDefaultConfiguration' => TRUE, 'configuration' => class PHPUnit_Util_Configuration { protected $document = class DOMDocument { ... }; protected $xpath = class DOMXPath { ... }; protected $filename = '/Users/indytechcook/projects/lsd_csi/phpunit.xml.dist' }, 'debug' => FALSE, 'filter' => FALSE, 'listeners' => array ())) /usr/local/Cellar/php/5.3.10/lib/php/PHPUnit/TextUI/TestRunner.php:140
[08-Jun-2012 02:25:19 UTC] PHP   6. PHPUnit_Util_Configuration->getPHPUnitConfiguration() /usr/local/Cellar/php/5.3.10/lib/php/PHPUnit/TextUI/TestRunner.php:509
[08-Jun-2012 02:25:19 UTC] PHP   7. PHPUnit_Util_Configuration->toAbsolutePath($path = '', $useIncludePath = *uninitialized*) /usr/local/Cellar/php/5.3.10/lib/php/PHPUnit/Util/Configuration.php:584
[08-Jun-2012 02:25:19 UTC] PHP Notice:  Uninitialized string offset: 0 in /usr/local/Cellar/php/5.3.10/lib/php/PHPUnit/Util/Configuration.php on line 987
[08-Jun-2012 02:25:19 UTC] PHP Stack trace:
[08-Jun-2012 02:25:19 UTC] PHP   1. {main}() /usr/local/Cellar/php/5.3.10/bin/phpunit:0
[08-Jun-2012 02:25:19 UTC] PHP   2. PHPUnit_TextUI_Command::main($exit = *uninitialized*) /usr/local/Cellar/php/5.3.10/bin/phpunit:46
[08-Jun-2012 02:25:19 UTC] PHP   3. PHPUnit_TextUI_Command->run($argv = array (0 => '/usr/local/bin/phpunit'), $exit = TRUE) /usr/local/Cellar/php/5.3.10/lib/php/PHPUnit/TextUI/Command.php:130
[08-Jun-2012 02:25:19 UTC] PHP   4. PHPUnit_TextUI_TestRunner->doRun($suite = class PHPUnit_Framework_TestSuite { protected $backupGlobals = NULL; protected $backupStaticAttributes = NULL; protected $name = 'FOSUserBundle test suite'; protected $groups = array ('__nogroup__' => array (...)); protected $tests = array (0 => class PHPUnit_Framework_TestSuite { ... }); protected $numTests = 1; protected $testCase = FALSE }, $arguments = array ('listGroups' => FALSE, 'loader' => NULL, 'useDefaultConfiguration' => TRUE, 'configuration' => '/Users/indytechcook/projects/lsd_csi/phpunit.xml.dist')) /usr/local/Cellar/php/5.3.10/lib/php/PHPUnit/TextUI/Command.php:192
[08-Jun-2012 02:25:19 UTC] PHP   5. PHPUnit_TextUI_TestRunner->handleConfiguration($arguments = array ('listGroups' => FALSE, 'loader' => NULL, 'useDefaultConfiguration' => TRUE, 'configuration' => class PHPUnit_Util_Configuration { protected $document = class DOMDocument { ... }; protected $xpath = class DOMXPath { ... }; protected $filename = '/Users/indytechcook/projects/lsd_csi/phpunit.xml.dist' }, 'debug' => FALSE, 'filter' => FALSE, 'listeners' => array ())) /usr/local/Cellar/php/5.3.10/lib/php/PHPUnit/TextUI/TestRunner.php:140
[08-Jun-2012 02:25:19 UTC] PHP   6. PHPUnit_Util_Configuration->getPHPUnitConfiguration() /usr/local/Cellar/php/5.3.10/lib/php/PHPUnit/TextUI/TestRunner.php:509
[08-Jun-2012 02:25:19 UTC] PHP   7. PHPUnit_Util_Configuration->toAbsolutePath($path = '', $useIncludePath = *uninitialized*) /usr/local/Cellar/php/5.3.10/lib/php/PHPUnit/Util/Configuration.php:584
[08-Jun-2012 02:25:19 UTC] PHP Fatal error:  Call to undefined function add() in /Users/indytechcook/projects/lsd_csi/tests/Test.php on line 6
[08-Jun-2012 02:25:19 UTC] PHP Stack trace:
[08-Jun-2012 02:25:19 UTC] PHP   1. {main}() /usr/local/Cellar/php/5.3.10/bin/phpunit:0
[08-Jun-2012 02:25:19 UTC] PHP   2. PHPUnit_TextUI_Command::main($exit = *uninitialized*) /usr/local/Cellar/php/5.3.10/bin/phpunit:46
[08-Jun-2012 02:25:19 UTC] PHP   3. PHPUnit_TextUI_Command->run($argv = array (0 => '/usr/local/bin/phpunit'), $exit = TRUE) /usr/local/Cellar/php/5.3.10/lib/php/PHPUnit/TextUI/Command.php:130
[08-Jun-2012 02:25:19 UTC] PHP   4. PHPUnit_TextUI_TestRunner->doRun($suite = class PHPUnit_Framework_TestSuite { protected $backupGlobals = NULL; protected $backupStaticAttributes = NULL; protected $name = 'FOSUserBundle test suite'; protected $groups = array ('__nogroup__' => array (...)); protected $tests = array (0 => class PHPUnit_Framework_TestSuite { ... }); protected $numTests = 1; protected $testCase = FALSE }, $arguments = array ('listGroups' => FALSE, 'loader' => NULL, 'useDefaultConfiguration' => TRUE, 'configuration' => '/Users/indytechcook/projects/lsd_csi/phpunit.xml.dist')) /usr/local/Cellar/php/5.3.10/lib/php/PHPUnit/TextUI/Command.php:192
[08-Jun-2012 02:25:19 UTC] PHP   5. PHPUnit_Framework_TestSuite->run($result = class PHPUnit_Framework_TestResult { protected $passed = array (); protected $errors = array (); protected $deprecatedFeatures = array (); protected $failures = array (); protected $notImplemented = array (); protected $skipped = array (); protected $listeners = array (0 => class PHPUnit_TextUI_ResultPrinter { ... }, 1 => class PHPUnit_Util_DeprecatedFeature_Logger { ... }); protected $runTests = 1; protected $time = 0; protected $topTestSuite = class PHPUnit_Framework_TestSuite { protected $backupGlobals = NULL; protected $backupStaticAttributes = NULL; protected $name = 'FOSUserBundle test suite'; protected $groups = array (...); protected $tests = array (...); protected $numTests = 1; protected $testCase = FALSE }; protected $codeCoverage = NULL; protected $convertErrorsToExceptions = TRUE; protected $stop = FALSE; protected $stopOnError = FALSE; protected $stopOnFailure = FALSE; protected $strictMode = FALSE; protected $stopOnIncomplete = FALSE; protected $stopOnSkipped = FALSE; protected $lastTestFailed = FALSE; protected $timeoutForSmallTests = 1; protected $timeoutForMediumTests = 10; protected $timeoutForLargeTests = 60 }, $filter = FALSE, $groups = array (), $excludeGroups = array (), $processIsolation = FALSE) /usr/local/Cellar/php/5.3.10/lib/php/PHPUnit/TextUI/TestRunner.php:325
[08-Jun-2012 02:25:19 UTC] PHP   6. PHPUnit_Framework_TestSuite->run($result = class PHPUnit_Framework_TestResult { protected $passed = array (); protected $errors = array (); protected $deprecatedFeatures = array (); protected $failures = array (); protected $notImplemented = array (); protected $skipped = array (); protected $listeners = array (0 => class PHPUnit_TextUI_ResultPrinter { ... }, 1 => class PHPUnit_Util_DeprecatedFeature_Logger { ... }); protected $runTests = 1; protected $time = 0; protected $topTestSuite = class PHPUnit_Framework_TestSuite { protected $backupGlobals = NULL; protected $backupStaticAttributes = NULL; protected $name = 'FOSUserBundle test suite'; protected $groups = array (...); protected $tests = array (...); protected $numTests = 1; protected $testCase = FALSE }; protected $codeCoverage = NULL; protected $convertErrorsToExceptions = TRUE; protected $stop = FALSE; protected $stopOnError = FALSE; protected $stopOnFailure = FALSE; protected $strictMode = FALSE; protected $stopOnIncomplete = FALSE; protected $stopOnSkipped = FALSE; protected $lastTestFailed = FALSE; protected $timeoutForSmallTests = 1; protected $timeoutForMediumTests = 10; protected $timeoutForLargeTests = 60 }, $filter = FALSE, $groups = array (), $excludeGroups = array (), $processIsolation = FALSE) /usr/local/Cellar/php/5.3.10/lib/php/PHPUnit/Framework/TestSuite.php:705
[08-Jun-2012 02:25:19 UTC] PHP   7. PHPUnit_Framework_TestSuite->runTest($test = class AddTest { protected $backupGlobals = NULL; protected $backupGlobalsBlacklist = array (); protected $backupStaticAttributes = NULL; protected $backupStaticAttributesBlacklist = array (); protected $runTestInSeparateProcess = FALSE; protected $preserveGlobalState = TRUE; private ${PHPUnit_Framework_TestCase}:inIsolation = FALSE; private ${PHPUnit_Framework_TestCase}:data = array (); private ${PHPUnit_Framework_TestCase}:dataName = ''; private ${PHPUnit_Framework_TestCase}:useErrorHandler = NULL; private ${PHPUnit_Framework_TestCase}:useOutputBuffering = NULL; private ${PHPUnit_Framework_TestCase}:expectedException = NULL; private ${PHPUnit_Framework_TestCase}:expectedExceptionMessage = ''; private ${PHPUnit_Framework_TestCase}:expectedExceptionCode = NULL; private ${PHPUnit_Framework_TestCase}:expectedExceptionTrace = array (); private ${PHPUnit_Framework_TestCase}:requiredPhp = ''; private ${PHPUnit_Framework_TestCase}:requiredPhpUnit = ''; private ${PHPUnit_Framework_TestCase}:name = 'testAddTwo'; private ${PHPUnit_Framework_TestCase}:dependencies = array (); private ${PHPUnit_Framework_TestCase}:dependencyInput = array (); private ${PHPUnit_Framework_TestCase}:iniSettings = array (); private ${PHPUnit_Framework_TestCase}:locale = array (); private ${PHPUnit_Framework_TestCase}:mockObjects = array (); private ${PHPUnit_Framework_TestCase}:status = NULL; private ${PHPUnit_Framework_TestCase}:statusMessage = ''; private ${PHPUnit_Framework_TestCase}:numAssertions = 0; private ${PHPUnit_Framework_TestCase}:result = class PHPUnit_Framework_TestResult { protected $passed = array (...); protected $errors = array (...); protected $deprecatedFeatures = array (...); protected $failures = array (...); protected $notImplemented = array (...); protected $skipped = array (...); protected $listeners = array (...); protected $runTests = 1; protected $time = 0; protected $topTestSuite = class PHPUnit_Framework_TestSuite { ... }; protected $codeCoverage = NULL; protected $convertErrorsToExceptions = TRUE; protected $stop = FALSE; protected $stopOnError = FALSE; protected $stopOnFailure = FALSE; protected $strictMode = FALSE; protected $stopOnIncomplete = FALSE; protected $stopOnSkipped = FALSE; protected $lastTestFailed = FALSE; protected $timeoutForSmallTests = 1; protected $timeoutForMediumTests = 10; protected $timeoutForLargeTests = 60 }; private ${PHPUnit_Framework_TestCase}:testResult = NULL; private ${PHPUnit_Framework_TestCase}:output = ''; private ${PHPUnit_Framework_TestCase}:outputExpectedRegex = NULL; private ${PHPUnit_Framework_TestCase}:outputExpectedString = NULL; private ${PHPUnit_Framework_TestCase}:hasPerformedExpectationsOnOutput = FALSE; private ${PHPUnit_Framework_TestCase}:outputCallback = FALSE; private ${PHPUnit_Framework_TestCase}:outputBufferingActive = TRUE }, $result = class PHPUnit_Framework_TestResult { protected $passed = array (); protected $errors = array (); protected $deprecatedFeatures = array (); protected $failures = array (); protected $notImplemented = array (); protected $skipped = array (); protected $listeners = array (0 => class PHPUnit_TextUI_ResultPrinter { ... }, 1 => class PHPUnit_Util_DeprecatedFeature_Logger { ... }); protected $runTests = 1; protected $time = 0; protected $topTestSuite = class PHPUnit_Framework_TestSuite { protected $backupGlobals = NULL; protected $backupStaticAttributes = NULL; protected $name = 'FOSUserBundle test suite'; protected $groups = array (...); protected $tests = array (...); protected $numTests = 1; protected $testCase = FALSE }; protected $codeCoverage = NULL; protected $convertErrorsToExceptions = TRUE; protected $stop = FALSE; protected $stopOnError = FALSE; protected $stopOnFailure = FALSE; protected $strictMode = FALSE; protected $stopOnIncomplete = FALSE; protected $stopOnSkipped = FALSE; protected $lastTestFailed = FALSE; protected $timeoutForSmallTests = 1; protected $timeoutForMediumTests = 10; protected $timeoutForLargeTests = 60 }) /usr/local/Cellar/php/5.3.10/lib/php/PHPUnit/Framework/TestSuite.php:745
[08-Jun-2012 02:25:19 UTC] PHP   8. PHPUnit_Framework_TestCase->run($result = class PHPUnit_Framework_TestResult { protected $passed = array (); protected $errors = array (); protected $deprecatedFeatures = array (); protected $failures = array (); protected $notImplemented = array (); protected $skipped = array (); protected $listeners = array (0 => class PHPUnit_TextUI_ResultPrinter { ... }, 1 => class PHPUnit_Util_DeprecatedFeature_Logger { ... }); protected $runTests = 1; protected $time = 0; protected $topTestSuite = class PHPUnit_Framework_TestSuite { protected $backupGlobals = NULL; protected $backupStaticAttributes = NULL; protected $name = 'FOSUserBundle test suite'; protected $groups = array (...); protected $tests = array (...); protected $numTests = 1; protected $testCase = FALSE }; protected $codeCoverage = NULL; protected $convertErrorsToExceptions = TRUE; protected $stop = FALSE; protected $stopOnError = FALSE; protected $stopOnFailure = FALSE; protected $strictMode = FALSE; protected $stopOnIncomplete = FALSE; protected $stopOnSkipped = FALSE; protected $lastTestFailed = FALSE; protected $timeoutForSmallTests = 1; protected $timeoutForMediumTests = 10; protected $timeoutForLargeTests = 60 }) /usr/local/Cellar/php/5.3.10/lib/php/PHPUnit/Framework/TestSuite.php:772
[08-Jun-2012 02:25:19 UTC] PHP   9. PHPUnit_Framework_TestResult->run($test = class AddTest { protected $backupGlobals = NULL; protected $backupGlobalsBlacklist = array (); protected $backupStaticAttributes = NULL; protected $backupStaticAttributesBlacklist = array (); protected $runTestInSeparateProcess = FALSE; protected $preserveGlobalState = TRUE; private ${PHPUnit_Framework_TestCase}:inIsolation = FALSE; private ${PHPUnit_Framework_TestCase}:data = array (); private ${PHPUnit_Framework_TestCase}:dataName = ''; private ${PHPUnit_Framework_TestCase}:useErrorHandler = NULL; private ${PHPUnit_Framework_TestCase}:useOutputBuffering = NULL; private ${PHPUnit_Framework_TestCase}:expectedException = NULL; private ${PHPUnit_Framework_TestCase}:expectedExceptionMessage = ''; private ${PHPUnit_Framework_TestCase}:expectedExceptionCode = NULL; private ${PHPUnit_Framework_TestCase}:expectedExceptionTrace = array (); private ${PHPUnit_Framework_TestCase}:requiredPhp = ''; private ${PHPUnit_Framework_TestCase}:requiredPhpUnit = ''; private ${PHPUnit_Framework_TestCase}:name = 'testAddTwo'; private ${PHPUnit_Framework_TestCase}:dependencies = array (); private ${PHPUnit_Framework_TestCase}:dependencyInput = array (); private ${PHPUnit_Framework_TestCase}:iniSettings = array (); private ${PHPUnit_Framework_TestCase}:locale = array (); private ${PHPUnit_Framework_TestCase}:mockObjects = array (); private ${PHPUnit_Framework_TestCase}:status = NULL; private ${PHPUnit_Framework_TestCase}:statusMessage = ''; private ${PHPUnit_Framework_TestCase}:numAssertions = 0; private ${PHPUnit_Framework_TestCase}:result = class PHPUnit_Framework_TestResult { protected $passed = array (...); protected $errors = array (...); protected $deprecatedFeatures = array (...); protected $failures = array (...); protected $notImplemented = array (...); protected $skipped = array (...); protected $listeners = array (...); protected $runTests = 1; protected $time = 0; protected $topTestSuite = class PHPUnit_Framework_TestSuite { ... }; protected $codeCoverage = NULL; protected $convertErrorsToExceptions = TRUE; protected $stop = FALSE; protected $stopOnError = FALSE; protected $stopOnFailure = FALSE; protected $strictMode = FALSE; protected $stopOnIncomplete = FALSE; protected $stopOnSkipped = FALSE; protected $lastTestFailed = FALSE; protected $timeoutForSmallTests = 1; protected $timeoutForMediumTests = 10; protected $timeoutForLargeTests = 60 }; private ${PHPUnit_Framework_TestCase}:testResult = NULL; private ${PHPUnit_Framework_TestCase}:output = ''; private ${PHPUnit_Framework_TestCase}:outputExpectedRegex = NULL; private ${PHPUnit_Framework_TestCase}:outputExpectedString = NULL; private ${PHPUnit_Framework_TestCase}:hasPerformedExpectationsOnOutput = FALSE; private ${PHPUnit_Framework_TestCase}:outputCallback = FALSE; private ${PHPUnit_Framework_TestCase}:outputBufferingActive = TRUE }) /usr/local/Cellar/php/5.3.10/lib/php/PHPUnit/Framework/TestCase.php:751
[08-Jun-2012 02:25:19 UTC] PHP  10. PHPUnit_Framework_TestCase->runBare() /usr/local/Cellar/php/5.3.10/lib/php/PHPUnit/Framework/TestResult.php:649
[08-Jun-2012 02:25:19 UTC] PHP  11. PHPUnit_Framework_TestCase->runTest() /usr/local/Cellar/php/5.3.10/lib/php/PHPUnit/Framework/TestCase.php:804
[08-Jun-2012 02:25:19 UTC] PHP  12. ReflectionMethod->invokeArgs(class AddTest { protected $backupGlobals = NULL; protected $backupGlobalsBlacklist = array (); protected $backupStaticAttributes = NULL; protected $backupStaticAttributesBlacklist = array (); protected $runTestInSeparateProcess = FALSE; protected $preserveGlobalState = TRUE; private ${PHPUnit_Framework_TestCase}:inIsolation = FALSE; private ${PHPUnit_Framework_TestCase}:data = array (); private ${PHPUnit_Framework_TestCase}:dataName = ''; private ${PHPUnit_Framework_TestCase}:useErrorHandler = NULL; private ${PHPUnit_Framework_TestCase}:useOutputBuffering = NULL; private ${PHPUnit_Framework_TestCase}:expectedException = NULL; private ${PHPUnit_Framework_TestCase}:expectedExceptionMessage = ''; private ${PHPUnit_Framework_TestCase}:expectedExceptionCode = NULL; private ${PHPUnit_Framework_TestCase}:expectedExceptionTrace = array (); private ${PHPUnit_Framework_TestCase}:requiredPhp = ''; private ${PHPUnit_Framework_TestCase}:requiredPhpUnit = ''; private ${PHPUnit_Framework_TestCase}:name = 'testAddTwo'; private ${PHPUnit_Framework_TestCase}:dependencies = array (); private ${PHPUnit_Framework_TestCase}:dependencyInput = array (); private ${PHPUnit_Framework_TestCase}:iniSettings = array (); private ${PHPUnit_Framework_TestCase}:locale = array (); private ${PHPUnit_Framework_TestCase}:mockObjects = array (); private ${PHPUnit_Framework_TestCase}:status = NULL; private ${PHPUnit_Framework_TestCase}:statusMessage = ''; private ${PHPUnit_Framework_TestCase}:numAssertions = 0; private ${PHPUnit_Framework_TestCase}:result = class PHPUnit_Framework_TestResult { protected $passed = array (...); protected $errors = array (...); protected $deprecatedFeatures = array (...); protected $failures = array (...); protected $notImplemented = array (...); protected $skipped = array (...); protected $listeners = array (...); protected $runTests = 1; protected $time = 0; protected $topTestSuite = class PHPUnit_Framework_TestSuite { ... }; protected $codeCoverage = NULL; protected $convertErrorsToExceptions = TRUE; protected $stop = FALSE; protected $stopOnError = FALSE; protected $stopOnFailure = FALSE; protected $strictMode = FALSE; protected $stopOnIncomplete = FALSE; protected $stopOnSkipped = FALSE; protected $lastTestFailed = FALSE; protected $timeoutForSmallTests = 1; protected $timeoutForMediumTests = 10; protected $timeoutForLargeTests = 60 }; private ${PHPUnit_Framework_TestCase}:testResult = NULL; private ${PHPUnit_Framework_TestCase}:output = ''; private ${PHPUnit_Framework_TestCase}:outputExpectedRegex = NULL; private ${PHPUnit_Framework_TestCase}:outputExpectedString = NULL; private ${PHPUnit_Framework_TestCase}:hasPerformedExpectationsOnOutput = FALSE; private ${PHPUnit_Framework_TestCase}:outputCallback = FALSE; private ${PHPUnit_Framework_TestCase}:outputBufferingActive = TRUE }, array ()) /usr/local/Cellar/php/5.3.10/lib/php/PHPUnit/Framework/TestCase.php:942
[08-Jun-2012 02:25:19 UTC] PHP  13. AddTest->testAddTwo() /usr/local/Cellar/php/5.3.10/lib/php/PHPUnit/Framework/TestCase.php:942
[08-Jun-2012 02:25:50 UTC] PHP Notice:  Uninitialized string offset: 0 in /usr/local/Cellar/php/5.3.10/lib/php/PHPUnit/Util/Configuration.php on line 987
[08-Jun-2012 02:25:50 UTC] PHP Stack trace:
[08-Jun-2012 02:25:50 UTC] PHP   1. {main}() /usr/local/Cellar/php/5.3.10/bin/phpunit:0
[08-Jun-2012 02:25:50 UTC] PHP   2. PHPUnit_TextUI_Command::main($exit = *uninitialized*) /usr/local/Cellar/php/5.3.10/bin/phpunit:46
[08-Jun-2012 02:25:50 UTC] PHP   3. PHPUnit_TextUI_Command->run($argv = array (0 => '/usr/local/bin/phpunit'), $exit = TRUE) /usr/local/Cellar/php/5.3.10/lib/php/PHPUnit/TextUI/Command.php:130
[08-Jun-2012 02:25:50 UTC] PHP   4. PHPUnit_TextUI_Command->handleArguments($argv = array (0 => '/usr/local/bin/phpunit')) /usr/local/Cellar/php/5.3.10/lib/php/PHPUnit/TextUI/Command.php:139
[08-Jun-2012 02:25:50 UTC] PHP   5. PHPUnit_Util_Configuration->getPHPUnitConfiguration() /usr/local/Cellar/php/5.3.10/lib/php/PHPUnit/TextUI/Command.php:615
[08-Jun-2012 02:25:50 UTC] PHP   6. PHPUnit_Util_Configuration->toAbsolutePath($path = '', $useIncludePath = *uninitialized*) /usr/local/Cellar/php/5.3.10/lib/php/PHPUnit/Util/Configuration.php:584
[08-Jun-2012 02:25:50 UTC] PHP Notice:  Uninitialized string offset: 0 in /usr/local/Cellar/php/5.3.10/lib/php/PHPUnit/Util/Configuration.php on line 987
[08-Jun-2012 02:25:50 UTC] PHP Stack trace:
[08-Jun-2012 02:25:50 UTC] PHP   1. {main}() /usr/local/Cellar/php/5.3.10/bin/phpunit:0
[08-Jun-2012 02:25:50 UTC] PHP   2. PHPUnit_TextUI_Command::main($exit = *uninitialized*) /usr/local/Cellar/php/5.3.10/bin/phpunit:46
[08-Jun-2012 02:25:50 UTC] PHP   3. PHPUnit_TextUI_Command->run($argv = array (0 => '/usr/local/bin/phpunit'), $exit = TRUE) /usr/local/Cellar/php/5.3.10/lib/php/PHPUnit/TextUI/Command.php:130
[08-Jun-2012 02:25:50 UTC] PHP   4. PHPUnit_TextUI_Command->handleArguments($argv = array (0 => '/usr/local/bin/phpunit')) /usr/local/Cellar/php/5.3.10/lib/php/PHPUnit/TextUI/Command.php:139
[08-Jun-2012 02:25:50 UTC] PHP   5. PHPUnit_Util_Configuration->getPHPUnitConfiguration() /usr/local/Cellar/php/5.3.10/lib/php/PHPUnit/TextUI/Command.php:615
[08-Jun-2012 02:25:50 UTC] PHP   6. PHPUnit_Util_Configuration->toAbsolutePath($path = '', $useIncludePath = *uninitialized*) /usr/local/Cellar/php/5.3.10/lib/php/PHPUnit/Util/Configuration.php:584
[08-Jun-2012 02:25:50 UTC] PHP Warning:  include_once(/Users/indytechcook/projects/lsd_csi): failed to open stream: No such file or directory in /usr/local/Cellar/php/5.3.10/lib/php/PHPUnit/Util/Fileloader.php on line 95
[08-Jun-2012 02:25:50 UTC] PHP Stack trace:
[08-Jun-2012 02:25:50 UTC] PHP   1. {main}() /usr/local/Cellar/php/5.3.10/bin/phpunit:0
[08-Jun-2012 02:25:50 UTC] PHP   2. PHPUnit_TextUI_Command::main($exit = *uninitialized*) /usr/local/Cellar/php/5.3.10/bin/phpunit:46
[08-Jun-2012 02:25:50 UTC] PHP   3. PHPUnit_TextUI_Command->run($argv = array (0 => '/usr/local/bin/phpunit'), $exit = TRUE) /usr/local/Cellar/php/5.3.10/lib/php/PHPUnit/TextUI/Command.php:130
[08-Jun-2012 02:25:50 UTC] PHP   4. PHPUnit_TextUI_Command->handleArguments($argv = array (0 => '/usr/local/bin/phpunit')) /usr/local/Cellar/php/5.3.10/lib/php/PHPUnit/TextUI/Command.php:139
[08-Jun-2012 02:25:50 UTC] PHP   5. PHPUnit_TextUI_Command->handleBootstrap($filename = '/Users/indytechcook/projects/lsd_csi/') /usr/local/Cellar/php/5.3.10/lib/php/PHPUnit/TextUI/Command.php:620
[08-Jun-2012 02:25:50 UTC] PHP   6. PHPUnit_Util_Fileloader::checkAndLoad($filename = '/Users/indytechcook/projects/lsd_csi/') /usr/local/Cellar/php/5.3.10/lib/php/PHPUnit/TextUI/Command.php:867
[08-Jun-2012 02:25:50 UTC] PHP   7. PHPUnit_Util_Fileloader::load($filename = '/Users/indytechcook/projects/lsd_csi') /usr/local/Cellar/php/5.3.10/lib/php/PHPUnit/Util/Fileloader.php:79
[08-Jun-2012 02:25:50 UTC] PHP Warning:  include_once(): Failed opening '/Users/indytechcook/projects/lsd_csi' for inclusion (include_path='.:/usr/local/Cellar/php/5.3.10/lib/php') in /usr/local/Cellar/php/5.3.10/lib/php/PHPUnit/Util/Fileloader.php on line 95
[08-Jun-2012 02:25:50 UTC] PHP Stack trace:
[08-Jun-2012 02:25:50 UTC] PHP   1. {main}() /usr/local/Cellar/php/5.3.10/bin/phpunit:0
[08-Jun-2012 02:25:50 UTC] PHP   2. PHPUnit_TextUI_Command::main($exit = *uninitialized*) /usr/local/Cellar/php/5.3.10/bin/phpunit:46
[08-Jun-2012 02:25:50 UTC] PHP   3. PHPUnit_TextUI_Command->run($argv = array (0 => '/usr/local/bin/phpunit'), $exit = TRUE) /usr/local/Cellar/php/5.3.10/lib/php/PHPUnit/TextUI/Command.php:130
[08-Jun-2012 02:25:50 UTC] PHP   4. PHPUnit_TextUI_Command->handleArguments($argv = array (0 => '/usr/local/bin/phpunit')) /usr/local/Cellar/php/5.3.10/lib/php/PHPUnit/TextUI/Command.php:139
[08-Jun-2012 02:25:50 UTC] PHP   5. PHPUnit_TextUI_Command->handleBootstrap($filename = '/Users/indytechcook/projects/lsd_csi/') /usr/local/Cellar/php/5.3.10/lib/php/PHPUnit/TextUI/Command.php:620
[08-Jun-2012 02:25:50 UTC] PHP   6. PHPUnit_Util_Fileloader::checkAndLoad($filename = '/Users/indytechcook/projects/lsd_csi/') /usr/local/Cellar/php/5.3.10/lib/php/PHPUnit/TextUI/Command.php:867
[08-Jun-2012 02:25:50 UTC] PHP   7. PHPUnit_Util_Fileloader::load($filename = '/Users/indytechcook/projects/lsd_csi') /usr/local/Cellar/php/5.3.10/lib/php/PHPUnit/Util/Fileloader.php:79
[08-Jun-2012 02:25:50 UTC] PHP Notice:  Uninitialized string offset: 0 in /usr/local/Cellar/php/5.3.10/lib/php/PHPUnit/Util/Configuration.php on line 987
[08-Jun-2012 02:25:50 UTC] PHP Stack trace:
[08-Jun-2012 02:25:50 UTC] PHP   1. {main}() /usr/local/Cellar/php/5.3.10/bin/phpunit:0
[08-Jun-2012 02:25:50 UTC] PHP   2. PHPUnit_TextUI_Command::main($exit = *uninitialized*) /usr/local/Cellar/php/5.3.10/bin/phpunit:46
[08-Jun-2012 02:25:50 UTC] PHP   3. PHPUnit_TextUI_Command->run($argv = array (0 => '/usr/local/bin/phpunit'), $exit = TRUE) /usr/local/Cellar/php/5.3.10/lib/php/PHPUnit/TextUI/Command.php:130
[08-Jun-2012 02:25:50 UTC] PHP   4. PHPUnit_TextUI_TestRunner->doRun($suite = class PHPUnit_Framework_TestSuite { protected $backupGlobals = NULL; protected $backupStaticAttributes = NULL; protected $name = 'FOSUserBundle test suite'; protected $groups = array ('__nogroup__' => array (...)); protected $tests = array (0 => class PHPUnit_Framework_TestSuite { ... }); protected $numTests = 1; protected $testCase = FALSE }, $arguments = array ('listGroups' => FALSE, 'loader' => NULL, 'useDefaultConfiguration' => TRUE, 'configuration' => '/Users/indytechcook/projects/lsd_csi/phpunit.xml.dist')) /usr/local/Cellar/php/5.3.10/lib/php/PHPUnit/TextUI/Command.php:192
[08-Jun-2012 02:25:50 UTC] PHP   5. PHPUnit_TextUI_TestRunner->handleConfiguration($arguments = array ('listGroups' => FALSE, 'loader' => NULL, 'useDefaultConfiguration' => TRUE, 'configuration' => class PHPUnit_Util_Configuration { protected $document = class DOMDocument { ... }; protected $xpath = class DOMXPath { ... }; protected $filename = '/Users/indytechcook/projects/lsd_csi/phpunit.xml.dist' }, 'debug' => FALSE, 'filter' => FALSE, 'listeners' => array ())) /usr/local/Cellar/php/5.3.10/lib/php/PHPUnit/TextUI/TestRunner.php:140
[08-Jun-2012 02:25:50 UTC] PHP   6. PHPUnit_Util_Configuration->getPHPUnitConfiguration() /usr/local/Cellar/php/5.3.10/lib/php/PHPUnit/TextUI/TestRunner.php:509
[08-Jun-2012 02:25:50 UTC] PHP   7. PHPUnit_Util_Configuration->toAbsolutePath($path = '', $useIncludePath = *uninitialized*) /usr/local/Cellar/php/5.3.10/lib/php/PHPUnit/Util/Configuration.php:584
[08-Jun-2012 02:25:50 UTC] PHP Notice:  Uninitialized string offset: 0 in /usr/local/Cellar/php/5.3.10/lib/php/PHPUnit/Util/Configuration.php on line 987
[08-Jun-2012 02:25:50 UTC] PHP Stack trace:
[08-Jun-2012 02:25:50 UTC] PHP   1. {main}() /usr/local/Cellar/php/5.3.10/bin/phpunit:0
[08-Jun-2012 02:25:50 UTC] PHP   2. PHPUnit_TextUI_Command::main($exit = *uninitialized*) /usr/local/Cellar/php/5.3.10/bin/phpunit:46
[08-Jun-2012 02:25:50 UTC] PHP   3. PHPUnit_TextUI_Command->run($argv = array (0 => '/usr/local/bin/phpunit'), $exit = TRUE) /usr/local/Cellar/php/5.3.10/lib/php/PHPUnit/TextUI/Command.php:130
[08-Jun-2012 02:25:50 UTC] PHP   4. PHPUnit_TextUI_TestRunner->doRun($suite = class PHPUnit_Framework_TestSuite { protected $backupGlobals = NULL; protected $backupStaticAttributes = NULL; protected $name = 'FOSUserBundle test suite'; protected $groups = array ('__nogroup__' => array (...)); protected $tests = array (0 => class PHPUnit_Framework_TestSuite { ... }); protected $numTests = 1; protected $testCase = FALSE }, $arguments = array ('listGroups' => FALSE, 'loader' => NULL, 'useDefaultConfiguration' => TRUE, 'configuration' => '/Users/indytechcook/projects/lsd_csi/phpunit.xml.dist')) /usr/local/Cellar/php/5.3.10/lib/php/PHPUnit/TextUI/Command.php:192
[08-Jun-2012 02:25:50 UTC] PHP   5. PHPUnit_TextUI_TestRunner->handleConfiguration($arguments = array ('listGroups' => FALSE, 'loader' => NULL, 'useDefaultConfiguration' => TRUE, 'configuration' => class PHPUnit_Util_Configuration { protected $document = class DOMDocument { ... }; protected $xpath = class DOMXPath { ... }; protected $filename = '/Users/indytechcook/projects/lsd_csi/phpunit.xml.dist' }, 'debug' => FALSE, 'filter' => FALSE, 'listeners' => array ())) /usr/local/Cellar/php/5.3.10/lib/php/PHPUnit/TextUI/TestRunner.php:140
[08-Jun-2012 02:25:50 UTC] PHP   6. PHPUnit_Util_Configuration->getPHPUnitConfiguration() /usr/local/Cellar/php/5.3.10/lib/php/PHPUnit/TextUI/TestRunner.php:509
[08-Jun-2012 02:25:50 UTC] PHP   7. PHPUnit_Util_Configuration->toAbsolutePath($path = '', $useIncludePath = *uninitialized*) /usr/local/Cellar/php/5.3.10/lib/php/PHPUnit/Util/Configuration.php:584
